\BOOKMARK [0][-]{titlepage.0}{Title Page}{}% 1
\BOOKMARK [0][-]{Abstract.0}{Abstract}{}% 2
\BOOKMARK [0][-]{toc.0}{Table of Contents}{}% 3
\BOOKMARK [0][-]{section*.3}{LIST OF TABLES}{}% 4
\BOOKMARK [0][-]{section*.5}{LIST OF FIGURES}{}% 5
\BOOKMARK [0][-]{chapter*.7}{NOMENCLATURE}{}% 6
\BOOKMARK [0][-]{chapter.1}{Chapter 1 \040 Introduction}{}% 7
\BOOKMARK [1][-]{section.1.1}{1.1 Problem Statement}{chapter.1}% 8
\BOOKMARK [1][-]{section.1.2}{1.2 Objectives}{chapter.1}% 9
\BOOKMARK [1][-]{section.1.3}{1.3 Scope}{chapter.1}% 10
\BOOKMARK [1][-]{section.1.4}{1.4 Outline of Report}{chapter.1}% 11
\BOOKMARK [0][-]{chapter.2}{Chapter 2 \040 Literature Review}{}% 12
\BOOKMARK [1][-]{section.2.1}{2.1 Overview}{chapter.2}% 13
\BOOKMARK [1][-]{section.2.2}{2.2 Identifying Critical Links on I-15}{chapter.2}% 14
\BOOKMARK [1][-]{section.2.3}{2.3 Lessons Learned from Crisis Events}{chapter.2}% 15
\BOOKMARK [2][-]{subsection.2.3.1}{2.3.1 I-35W Bridge Collapse}{section.2.3}% 16
\BOOKMARK [2][-]{subsection.2.3.2}{2.3.2 I-85/Piedmont Road Bridge Fire}{section.2.3}% 17
\BOOKMARK [2][-]{subsection.2.3.3}{2.3.3 Attempts to Evaluate Systemic Resiliency}{section.2.3}% 18
\BOOKMARK [2][-]{subsection.2.3.4}{2.3.4 Network Connectivity}{section.2.3}% 19
\BOOKMARK [2][-]{subsection.2.3.5}{2.3.5 Changes in Travel Time}{section.2.3}% 20
\BOOKMARK [2][-]{subsection.2.3.6}{2.3.6 Changes in Accessibility}{section.2.3}% 21
\BOOKMARK [1][-]{section.2.4}{2.4 Summary}{chapter.2}% 22
\BOOKMARK [0][-]{chapter.3}{Chapter 3 \040 Model Design and Implementation}{}% 23
\BOOKMARK [1][-]{section.3.1}{3.1 Overview}{chapter.3}% 24
\BOOKMARK [1][-]{section.3.2}{3.2 Utah Statewide Travel Model}{chapter.3}% 25
\BOOKMARK [1][-]{section.3.3}{3.3 Model Design}{chapter.3}% 26
\BOOKMARK [2][-]{subsection.3.3.1}{3.3.1 Model Framework}{section.3.3}% 27
\BOOKMARK [2][-]{subsection.3.3.2}{3.3.2 Roanoke Model}{section.3.3}% 28
\BOOKMARK [2][-]{subsection.3.3.3}{3.3.3 Transportation Networks}{section.3.3}% 29
\BOOKMARK [2][-]{subsection.3.3.4}{3.3.4 Trip Attractions and Socioeconomic Data}{section.3.3}% 30
\BOOKMARK [2][-]{subsection.3.3.5}{3.3.5 Mode Choice Model}{section.3.3}% 31
\BOOKMARK [2][-]{subsection.3.3.6}{3.3.6 Destination Choice Model}{section.3.3}% 32
\BOOKMARK [1][-]{section.3.4}{3.4 Model Calibration and Validation}{chapter.3}% 33
\BOOKMARK [2][-]{subsection.3.4.1}{3.4.1 Trips by Purpose and Mode}{section.3.4}% 34
\BOOKMARK [2][-]{subsection.3.4.2}{3.4.2 Calibrating Choice Constants}{section.3.4}% 35
\BOOKMARK [2][-]{subsection.3.4.3}{3.4.3 Calibration Results}{section.3.4}% 36
\BOOKMARK [1][-]{section.3.5}{3.5 Method to Calculate Costs for Non-model Purposes}{chapter.3}% 37
\BOOKMARK [2][-]{subsection.3.5.1}{3.5.1 Travel Time Difference}{section.3.5}% 38
\BOOKMARK [2][-]{subsection.3.5.2}{3.5.2 Value of Time}{section.3.5}% 39
\BOOKMARK [1][-]{section.3.6}{3.6 Summary}{chapter.3}% 40
\BOOKMARK [0][-]{chapter.4}{Chapter 4 \040 Model Application}{}% 41
\BOOKMARK [1][-]{section.4.1}{4.1 Overview}{chapter.4}% 42
\BOOKMARK [1][-]{section.4.2}{4.2 Vulnerable Link Identification}{chapter.4}% 43
\BOOKMARK [1][-]{section.4.3}{4.3 Single Scenario Analysis}{chapter.4}% 44
\BOOKMARK [1][-]{section.4.4}{4.4 Comparative Scenario Results}{chapter.4}% 45
\BOOKMARK [2][-]{subsection.4.4.1}{4.4.1 Link Rankings by Both Methods}{section.4.4}% 46
\BOOKMARK [2][-]{subsection.4.4.2}{4.4.2 Positive Benefit Scenarios}{section.4.4}% 47
\BOOKMARK [1][-]{section.4.5}{4.5 Summary}{chapter.4}% 48
\BOOKMARK [0][-]{chapter.5}{Chapter 5 \040 Conclusions and Recommendations}{}% 49
\BOOKMARK [1][-]{section.5.1}{5.1 Overview}{chapter.5}% 50
\BOOKMARK [1][-]{section.5.2}{5.2 Recommendations}{chapter.5}% 51
\BOOKMARK [1][-]{section.5.3}{5.3 Obtaining the Model and it's Documentation}{chapter.5}% 52
\BOOKMARK [1][-]{section.5.4}{5.4 Limitations and Next Steps}{chapter.5}% 53
\BOOKMARK [1][-]{section.5.5}{5.5 Summary}{chapter.5}% 54
\BOOKMARK [0][-]{section*.12}{References}{}% 55
\BOOKMARK [0][-]{appendix.A}{Appendix A \040 Making a Figure with Width Based on Page Size}{}% 56
\BOOKMARK [1][-]{section.A.1}{A.1 Width Based on Page Size Figure Example}{appendix.A}% 57
\BOOKMARK [0][-]{appendix.B}{Appendix B \040 Formatting Guidelines for Thesis}{}% 58
\BOOKMARK [1][-]{section.B.1}{B.1 Font}{appendix.B}% 59
\BOOKMARK [1][-]{section.B.2}{B.2 Margins}{appendix.B}% 60
\BOOKMARK [1][-]{section.B.3}{B.3 Printing}{appendix.B}% 61
\BOOKMARK [1][-]{section.B.4}{B.4 Page Numbering}{appendix.B}% 62
\BOOKMARK [1][-]{section.B.5}{B.5 Spacing}{appendix.B}% 63
\BOOKMARK [1][-]{section.B.6}{B.6 Figures}{appendix.B}% 64
\BOOKMARK [1][-]{section.B.7}{B.7 Tables}{appendix.B}% 65
